<?xml version="1.0" encoding="UTF-8"?>
<testng-results ignored="0" total="1" passed="1" failed="0" skipped="0">
  <reporter-output>
  </reporter-output>
  <suite started-at="2025-07-25T22:49:52 EDT" name="Default suite" finished-at="2025-07-25T22:50:06 EDT" duration-ms="13174">
    <groups>
    </groups>
    <test started-at="2025-07-25T22:49:52 EDT" name="Default test" finished-at="2025-07-25T22:50:06 EDT" duration-ms="13174">
      <class name="RoopamParent.JavaPractice.FormFiller">
        <test-method signature="findElement()[pri:0, instance:RoopamParent.JavaPractice.FormFiller@74235045]" started-at="2025-07-25T22:49:52 EDT" name="findElement" finished-at="2025-07-25T22:50:06 EDT" duration-ms="13107" status="PASS">
          <reporter-output>
          </reporter-output>
        </test-method> <!-- findElement -->
      </class> <!-- RoopamParent.JavaPractice.FormFiller -->
    </test> <!-- Default test -->
  </suite> <!-- Default suite -->
</testng-results>
